{
  "0 debug pnpm:scope": {
    "selected": 1
  },
  "1 error pnpm": {
    "errno": 1,
    "code": "ELIFECYCLE",
    "pkgid": "v4@1.0.0",
    "stage": "start",
    "script": "npm run develop",
    "pkgname": "v4",
    "err": {
      "name": "pnpm",
      "message": "v4@1.0.0 start: `npm run develop`\nExit status 1",
      "code": "ELIFECYCLE",
      "stack": "pnpm: v4@1.0.0 start: `npm run develop`\nExit status 1\n    at EventEmitter.<anonymous> (C:\\Users\\Rudraksh Bhonsle\\AppData\\Roaming\\npm\\node_modules\\pnpm\\dist\\pnpm.cjs:106732:20)\n    at EventEmitter.emit (node:events:527:28)\n    at ChildProcess.<anonymous> (C:\\Users\\Rudraksh Bhonsle\\AppData\\Roaming\\npm\\node_modules\\pnpm\\dist\\pnpm.cjs:93301:18)\n    at ChildProcess.emit (node:events:527:28)\n    at maybeClose (node:internal/child_process:1092:16)\n    at Process.ChildProcess._handle.onexit (node:internal/child_process:302:5)"
    }
  },
  "2 warn pnpm:global": " Local package.json exists, but node_modules missing, did you mean to install?"
}